<?xml version="1.0" encoding="UTF-8"?>
<!-- Generated by org.testng.reporters.JUnitXMLReporter -->
<testsuite hostname="DESKTOP-NICN4RS" ignored="10" name="Test" tests="5" failures="0" timestamp="15 Sep 2020 21:26:09 GMT" time="5.705" errors="0">
  <testcase name="verifyLogin" time="0.714" classname="testCases.TestCase001_verifyLogin"/>
  <testcase name="verifyAddPayee" time="0.904" classname="testCases.TestCase002_verifyAddPayee"/>
  <testcase name="verifyTransferFund" time="0.6" classname="testCases.TestCase003_verifyTransferFund"/>
  <testcase name="verifyPayBills" time="0.67" classname="testCases.TestCase004_verifyPayBills"/>
  <testcase name="verifyOnlineStatement" time="0.632" classname="testCases.TestCase005_verifyOnlineStatementDownload"/>
  <testcase name="@AfterSuite tearDown" time="0.0" classname="base.BaseClass">
    <ignored/>
  </testcase> <!-- @AfterSuite tearDown -->
  <testcase name="@AfterSuite tearDown" time="0.0" classname="base.BaseClass">
    <ignored/>
  </testcase> <!-- @AfterSuite tearDown -->
  <testcase name="@AfterSuite tearDown" time="0.0" classname="base.BaseClass">
    <ignored/>
  </testcase> <!-- @AfterSuite tearDown -->
  <testcase name="@AfterSuite tearDown" time="0.0" classname="base.BaseClass">
    <ignored/>
  </testcase> <!-- @AfterSuite tearDown -->
  <testcase name="@AfterSuite tearDown" time="0.0" classname="base.BaseClass">
    <ignored/>
  </testcase> <!-- @AfterSuite tearDown -->
  <testcase name="@BeforeSuite init" time="0.0" classname="base.BaseClass">
    <ignored/>
  </testcase> <!-- @BeforeSuite init -->
  <testcase name="@BeforeSuite init" time="0.0" classname="base.BaseClass">
    <ignored/>
  </testcase> <!-- @BeforeSuite init -->
  <testcase name="@BeforeSuite init" time="0.0" classname="base.BaseClass">
    <ignored/>
  </testcase> <!-- @BeforeSuite init -->
  <testcase name="@BeforeSuite init" time="0.0" classname="base.BaseClass">
    <ignored/>
  </testcase> <!-- @BeforeSuite init -->
  <testcase name="@BeforeSuite init" time="0.0" classname="base.BaseClass">
    <ignored/>
  </testcase> <!-- @BeforeSuite init -->
</testsuite> <!-- Test -->
